<?xml version="1.0" encoding="UTF-8"?>
<testng-results skipped="0" failed="0" ignored="0" total="1" passed="1">
  <reporter-output>
  </reporter-output>
  <suite name="Default suite" duration-ms="2677" started-at="2022-01-09T15:01:25 IST" finished-at="2022-01-09T15:01:27 IST">
    <groups>
    </groups>
    <test name="Default test" duration-ms="2677" started-at="2022-01-09T15:01:25 IST" finished-at="2022-01-09T15:01:27 IST">
      <class name="com.qa.rest.test.GetCallBDD">
        <test-method status="PASS" signature="test_numberOfCircuitsIn2021()[pri:0, instance:com.qa.rest.test.GetCallBDD@2758fe70]" name="test_numberOfCircuitsIn2021" duration-ms="2662" started-at="2022-01-09T15:01:25 IST" finished-at="2022-01-09T15:01:27 IST">
          <reporter-output>
          </reporter-output>
        </test-method> <!-- test_numberOfCircuitsIn2021 -->
      </class> <!-- com.qa.rest.test.GetCallBDD -->
    </test> <!-- Default test -->
  </suite> <!-- Default suite -->
</testng-results>
